\BOOKMARK [1][-]{section*.3}{Abstract}{}% 1
\BOOKMARK [1][-]{section*.4}{Acknowledgement}{}% 2
\BOOKMARK [1][-]{section*.6}{List of Figures}{}% 3
\BOOKMARK [1][-]{section*.7}{List of Tables}{}% 4
\BOOKMARK [1][-]{section.1}{Introduction}{}% 5
\BOOKMARK [2][-]{subsection.1.1}{Security Threats}{section.1}% 6
\BOOKMARK [3][-]{subsubsection.1.1.1}{Role of Intrusion Detection}{subsection.1.1}% 7
\BOOKMARK [3][-]{subsubsection.1.1.2}{Intrusion Detection Systems}{subsection.1.1}% 8
\BOOKMARK [3][-]{subsubsection.1.1.3}{Misuse-based IDS}{subsection.1.1}% 9
\BOOKMARK [3][-]{subsubsection.1.1.4}{Anomaly-based IDSs}{subsection.1.1}% 10
\BOOKMARK [2][-]{subsection.1.2}{Goal}{section.1}% 11
\BOOKMARK [1][-]{section.2}{Networking}{}% 12
\BOOKMARK [2][-]{subsection.2.1}{OSI Layer}{section.2}% 13
\BOOKMARK [2][-]{subsection.2.2}{Types of Protocols}{section.2}% 14
\BOOKMARK [3][-]{subsubsection.2.2.1}{Transmission Control Protocol\(TCP/IP\)}{subsection.2.2}% 15
\BOOKMARK [3][-]{subsubsection.2.2.2}{User Datagram Protocol\(UDP\)}{subsection.2.2}% 16
\BOOKMARK [3][-]{subsubsection.2.2.3}{Internet Control Message Protocol\(ICMP\)}{subsection.2.2}% 17
\BOOKMARK [1][-]{section.3}{Intrusion Detection}{}% 18
\BOOKMARK [2][-]{subsection.3.1}{Types of IDS}{section.3}% 19
\BOOKMARK [3][-]{subsubsection.3.1.1}{Network intrusion detection systems}{subsection.3.1}% 20
\BOOKMARK [3][-]{subsubsection.3.1.2}{Host intrusion detection systems}{subsection.3.1}% 21
\BOOKMARK [2][-]{subsection.3.2}{Detection Methods}{section.3}% 22
\BOOKMARK [3][-]{subsubsection.3.2.1}{Signature-based}{subsection.3.2}% 23
\BOOKMARK [3][-]{subsubsection.3.2.2}{Anomaly-based}{subsection.3.2}% 24
\BOOKMARK [2][-]{subsection.3.3}{Common Network Attacks}{section.3}% 25
\BOOKMARK [3][-]{subsubsection.3.3.1}{SYN Flodding}{subsection.3.3}% 26
\BOOKMARK [3][-]{subsubsection.3.3.2}{Smurfing}{subsection.3.3}% 27
\BOOKMARK [3][-]{subsubsection.3.3.3}{Denial-of-service attack}{subsection.3.3}% 28
\BOOKMARK [3][-]{subsubsection.3.3.4}{Neptune Attacks}{subsection.3.3}% 29
\BOOKMARK [3][-]{subsubsection.3.3.5}{IPSweep and Portsweep}{subsection.3.3}% 30
\BOOKMARK [3][-]{subsubsection.3.3.6}{Rootkit}{subsection.3.3}% 31
\BOOKMARK [3][-]{subsubsection.3.3.7}{Satan}{subsection.3.3}% 32
\BOOKMARK [2][-]{subsection.3.4}{Development}{section.3}% 33
\BOOKMARK [2][-]{subsection.3.5}{Detecting Malicious Activities}{section.3}% 34
\BOOKMARK [3][-]{subsubsection.3.5.1}{Network-Based Techniques}{subsection.3.5}% 35
\BOOKMARK [3][-]{subsubsection.3.5.2}{Host-Based Techniques}{subsection.3.5}% 36
\BOOKMARK [3][-]{subsubsection.3.5.3}{Web-Based Techniques}{subsection.3.5}% 37
\BOOKMARK [1][-]{section.4}{Neural Network Based IDS}{}% 38
\BOOKMARK [2][-]{subsection.4.1}{Overview}{section.4}% 39
\BOOKMARK [2][-]{subsection.4.2}{Datasets}{section.4}% 40
\BOOKMARK [2][-]{subsection.4.3}{Raw Data Extraction \(Packet Sniffing\)}{section.4}% 41
\BOOKMARK [2][-]{subsection.4.4}{Feature Extraction}{section.4}% 42
\BOOKMARK [3][-]{subsubsection.4.4.1}{Removal of Features with small variations}{subsection.4.4}% 43
\BOOKMARK [3][-]{subsubsection.4.4.2}{Removal of Highly Correlated Features}{subsection.4.4}% 44
\BOOKMARK [2][-]{subsection.4.5}{Implementations}{section.4}% 45
\BOOKMARK [3][-]{subsubsection.4.5.1}{Softmax Regression Model- 1}{subsection.4.5}% 46
\BOOKMARK [3][-]{subsubsection.4.5.2}{Softmax Regression Model- 2}{subsection.4.5}% 47
\BOOKMARK [3][-]{subsubsection.4.5.3}{Multilayer Perceptron Model}{subsection.4.5}% 48
\BOOKMARK [1][-]{section.5}{Experimental Methdology}{}% 49
\BOOKMARK [2][-]{subsection.5.1}{Dataset}{section.5}% 50
\BOOKMARK [2][-]{subsection.5.2}{Host Configuration}{section.5}% 51
\BOOKMARK [2][-]{subsection.5.3}{Gathering Raw Data}{section.5}% 52
\BOOKMARK [3][-]{subsubsection.5.3.1}{From Packet Sniffing}{subsection.5.3}% 53
\BOOKMARK [3][-]{subsubsection.5.3.2}{PCAP Files from the Internet}{subsection.5.3}% 54
\BOOKMARK [2][-]{subsection.5.4}{Model Parameters}{section.5}% 55
\BOOKMARK [3][-]{subsubsection.5.4.1}{Softmax Model 1}{subsection.5.4}% 56
\BOOKMARK [3][-]{subsubsection.5.4.2}{Softmax Model 2}{subsection.5.4}% 57
\BOOKMARK [3][-]{subsubsection.5.4.3}{Multi-layer Perceptron Model}{subsection.5.4}% 58
\BOOKMARK [1][-]{section.6}{Results and Discussion}{}% 59
\BOOKMARK [2][-]{subsection.6.1}{Model Accuracy}{section.6}% 60
\BOOKMARK [2][-]{subsection.6.2}{Probability of Correct Classification Results}{section.6}% 61
\BOOKMARK [2][-]{subsection.6.3}{ROC Curve}{section.6}% 62
\BOOKMARK [1][-]{section.7}{Conclusion and Future Scope}{}% 63
\BOOKMARK [1][-]{section.7}{References}{}% 64
